<?xml version="1.0" encoding="UTF-8"?>
<!-- Generated by org.testng.reporters.JUnitReportReporter -->
<testsuite hostname="DESKTOP-89TVOTR" failures="0" tests="1" name="automation.testsuite.Day7_test" time="0.026" errors="0" timestamp="2024-07-24T20:56:47 ICT" skipped="0">
  <testcase classname="automation.testsuite.Day7_test" name="testcase1" time="0.026"/>
  <system-out/>
</testsuite> <!-- automation.testsuite.Day7_test -->
